{
  "RSpec": {
    "coverage": {
      "/Users/apprentice/Desktop/jtron/client-project-challenge/app/helpers/application_helper.rb": [
        1,
        null
      ],
      "/Users/apprentice/Desktop/jtron/client-project-challenge/app/helpers/current_user_helper.rb": [
        1,
        1,
        0,
        null,
        null
      ],
      "/Users/apprentice/Desktop/jtron/client-project-challenge/app/controllers/sessions_controller.rb": [
        1,
        1,
        2,
        2,
        1,
        1,
        null,
        1,
        null,
        null,
        null,
        1,
        null,
        null,
        1,
        0,
        0,
        null,
        null
      ],
      "/Users/apprentice/Desktop/jtron/client-project-challenge/app/controllers/application_controller.rb": [
        1,
        null,
        null,
        1,
        null,
        1,
        null
      ],
      "/Users/apprentice/Desktop/jtron/client-project-challenge/app/controllers/users_controller.rb": [
        1,
        1,
        null,
        null,
        1,
        3,
        null,
        3,
        2,
        2,
        null,
        1,
        null,
        null,
        null,
        1,
        1,
        null,
        null,
        1,
        null,
        null,
        1,
        0,
        0,
        0,
        null,
        null,
        1,
        0,
        null,
        null,
        1,
        0,
        0,
        0,
        null,
        null,
        1,
        1,
        3,
        null,
        null
      ],
      "/Users/apprentice/Desktop/jtron/client-project-challenge/app/models/category.rb": [
        1,
        1,
        1,
        null
      ],
      "/Users/apprentice/Desktop/jtron/client-project-challenge/app/models/game.rb": [
        1,
        1,
        1,
        null
      ],
      "/Users/apprentice/Desktop/jtron/client-project-challenge/app/models/user.rb": [
        1,
        1,
        1,
        null,
        1,
        1,
        null,
        null,
        null
      ],
      "/Users/apprentice/Desktop/jtron/client-project-challenge/app/models/games_category.rb": [
        0,
        0,
        0,
        0
      ]
    },
    "timestamp": 1455634761
  }
}
